2023-11-09 12:01|/home/ubuntu/HumbleDave/plib/wheellog.py.main: Started
2023-11-10 13:36|/home/ubuntu/HumbleDave/plib/wheellog.py.main: Started
2023-11-10 19:53|/home/ubuntu/HumbleDave/ros2ws/.plib/status.py.main: Starting status.py - Current Battery 12.3v EasyGoPiGo3 Reading 11.79v
2023-11-10 21:56|/home/ubuntu/HumbleDave/ros2ws/.plib/status.py.main: Exiting status.py - Current Battery 12.3v EasyGoPiGo3 Reading 11.80v
2023-11-10 22:17|/home/ubuntu/HumbleDave/ros2ws/.plib/status.py.main: Starting status.py - Current Battery 12.2v EasyGoPiGo3 Reading 11.70v
2023-11-10 22:22|/home/ubuntu/HumbleDave/ros2ws/.plib/status.py.main: Exiting status.py - Current Battery 12.3v EasyGoPiGo3 Reading 11.74v
2023-11-11 22:14|/home/ubuntu/HumbleDave/plib/wheellog.py.main: Started
2023-11-11 22:18|/home/ubuntu/HumbleDave/plib/status.py.main: Starting status.py - Current Battery 10.6v EasyGoPiGo3 Reading 9.72v
2023-11-11 22:19|/home/ubuntu/HumbleDave/plib/status.py.main: Exiting status.py - Current Battery 10.7v EasyGoPiGo3 Reading 9.84v
2023-11-12 00:16|/home/ubuntu/HumbleDave/plib/status.py.main: Starting status.py - Current Battery 12.5v EasyGoPiGo3 Reading 11.62v
2023-11-12 00:16|/home/ubuntu/HumbleDave/plib/status.py.main: Exiting status.py - Current Battery 12.5v EasyGoPiGo3 Reading 11.63v
2023-11-12 00:16|/home/ubuntu/HumbleDave/plib/status.py.main: Starting status.py - Current Battery 12.5v EasyGoPiGo3 Reading 11.61v
2023-11-12 00:34|/home/ubuntu/HumbleDave/plib/status.py.main: Exiting status.py - Current Battery 11.2v EasyGoPiGo3 Reading 10.33v
2023-11-12 00:37|/home/ubuntu/HumbleDave/plib/status.py.main: Starting status.py - Current Battery 11.1v EasyGoPiGo3 Reading 10.20v
2023-11-12 00:42|/home/ubuntu/HumbleDave/plib/status.py.main: Starting status.py - Current Battery 11.0v EasyGoPiGo3 Reading 10.12v
2023-11-12 01:09|/home/ubuntu/HumbleDave/plib/status.py.main: Exiting status.py - Current Battery 12.2v EasyGoPiGo3 Reading 11.72v
2023-11-13 14:52|/home/ubuntu/HumbleDave/plib/wheellog.py.main: Started
2023-11-13 18:22|/home/ubuntu/HumbleDave/plib/wheellog.py.main: Started
2023-11-16 00:47|/home/ubuntu/HumbleDave/plib/wheellog.py.main: Started
2023-11-17 11:25|/home/ubuntu/HumbleDave/plib/wheellog.py.main: Started
2023-11-19 11:14|/home/ubuntu/HumbleDave/plib/wheellog.py.main: Started
2023-11-19 11:34|/home/ubuntu/HumbleDave/plib/wheellog.py.main: Started
2023-11-19 11:45|/home/ubuntu/HumbleDave/plib/wheellog.py.main: Started
2023-11-19 12:41|/home/ubuntu/HumbleDave/plib/wheellog.py.main: Started
2023-11-19 12:46|/home/ubuntu/HumbleDave/plib/wheellog.py.main: Started
2023-11-20 19:17|/home/ubuntu/HumbleDave/plib/wheellog.py.main: Started
2023-11-21 13:17|/home/ubuntu/HumbleDave/plib/wheellog.py.main: Started
2023-11-22 12:29|/home/ubuntu/HumbleDave/plib/wheellog.py.main: Started
2023-11-22 12:44|/home/ubuntu/HumbleDave/plib/wheellog.py.main: Started
2023-11-24 11:15|/home/ubuntu/HumbleDave/plib/wheellog.py.main: Started
2023-11-28 23:15|/home/ubuntu/HumbleDave/plib/wheellog.py.main: Started
2023-11-28 23:47|/home/ubuntu/HumbleDave/plib/wheellog.py.main: Started
2023-12-03 08:58|/home/ubuntu/HumbleDave/plib/wheellog.py.main: Started
2023-12-03 12:28|/home/ubuntu/HumbleDave/plib/wheellog.py.main: Started
2024-04-15 08:33|/home/ubuntu/HumbleDave/plib/wheellog.py.main: Started
2025-04-03 22:13|/home/ubuntu/HumbleDave/plib/wheellog.py.main: Started
2025-04-03 22:20|/home/ubuntu/HumbleDave/plib/wheellog.py.main: Started
2025-04-03 22:37|/home/ubuntu/HumbleDave/plib/wheellog.py.main: Started
2025-04-06 01:30|/home/ubuntu/HumbleDave2/plib/wheellog.py.main: Started
2025-04-06 14:51|/home/ubuntu/HumbleDave2/plib/wheellog.py.main: Started
2025-04-06 16:06|/home/ubuntu/HumbleDave2/plib/wheellog.py.main: Started
