2025-04-06 17:04:02|start_point - x:  0.000 y:  0.000 z:  0.000 heading:    0
2025-04-06 17:04:05|stop_point -  x:  0.063 y: -0.000 z:  0.000 heading:    0 - moved:  0.063 meters in 2.5s
2025-04-06 17:04:05|start_point - x:  0.063 y: -0.000 z:  0.000 heading:    0
2025-04-06 17:04:05|stop_point -  x:  0.063 y: -0.000 z:  0.000 heading:    0 - moved:  0.000 meters in 0.0s
2025-04-06 17:04:05|start_point - x:  0.063 y: -0.000 z:  0.000 heading:    0
2025-04-06 17:04:05|stop_point -  x:  0.063 y: -0.000 z:  0.000 heading:    0 - moved:  0.000 meters in 0.3s
2025-04-06 17:04:05|start_point - x:  0.063 y: -0.000 z:  0.000 heading:    0
2025-04-06 17:04:06|stop_point -  x:  0.063 y: -0.000 z:  0.000 heading:    0 - moved:  0.000 meters in 0.3s
2025-04-06 17:04:06|start_point - x:  0.063 y: -0.000 z:  0.000 heading:    0
2025-04-06 17:04:06|stop_point -  x:  0.063 y: -0.000 z:  0.000 heading:    0 - moved:  0.000 meters in 0.3s
2025-04-06 17:04:06|start_point - x:  0.063 y: -0.000 z:  0.000 heading:    0
2025-04-06 17:04:07|stop_point -  x:  0.063 y: -0.000 z:  0.000 heading:    0 - moved:  0.000 meters in 0.3s
2025-04-06 17:04:07|start_point - x:  0.063 y: -0.000 z:  0.000 heading:    0
2025-04-06 17:04:07|stop_point -  x:  0.063 y: -0.000 z:  0.000 heading:    0 - moved:  0.000 meters in 0.3s
2025-04-06 17:04:07|start_point - x:  0.063 y: -0.000 z:  0.000 heading:    0
2025-04-06 17:04:07|stop_point -  x:  0.063 y: -0.000 z:  0.000 heading:    0 - moved:  0.000 meters in 0.3s
2025-04-06 17:04:08|start_point - x:  0.063 y: -0.000 z:  0.000 heading:    0
2025-04-06 17:04:08|stop_point -  x:  0.063 y: -0.000 z:  0.000 heading:    0 - moved:  0.000 meters in 0.3s
2025-04-06 17:04:08|start_point - x:  0.063 y: -0.000 z:  0.000 heading:    0
2025-04-06 17:04:08|stop_point -  x:  0.063 y: -0.000 z:  0.000 heading:    0 - moved:  0.000 meters in 0.3s
2025-04-06 17:04:08|start_point - x:  0.063 y: -0.000 z:  0.000 heading:    0
2025-04-06 17:04:09|stop_point -  x:  0.063 y: -0.000 z:  0.000 heading:    0 - moved:  0.000 meters in 0.3s
2025-04-06 17:04:09|start_point - x:  0.063 y: -0.000 z:  0.000 heading:    0
2025-04-06 17:04:09|stop_point -  x:  0.063 y: -0.000 z:  0.000 heading:    0 - moved:  0.000 meters in 0.3s
2025-04-06 17:04:09|start_point - x:  0.063 y: -0.000 z:  0.000 heading:    0
2025-04-06 17:04:10|stop_point -  x:  0.063 y: -0.000 z:  0.000 heading:    0 - moved:  0.000 meters in 0.3s
2025-04-06 17:04:10|start_point - x:  0.063 y: -0.000 z:  0.000 heading:    0
2025-04-06 17:04:10|stop_point -  x:  0.063 y: -0.000 z:  0.000 heading:    0 - moved:  0.000 meters in 0.3s
2025-04-06 17:04:10|start_point - x:  0.063 y: -0.000 z:  0.000 heading:    0
2025-04-06 17:04:11|stop_point -  x:  0.063 y: -0.000 z:  0.000 heading:    0 - moved:  0.000 meters in 0.3s
2025-04-06 17:04:11|start_point - x:  0.063 y: -0.000 z:  0.000 heading:    0
2025-04-06 17:04:11|stop_point -  x:  0.063 y: -0.000 z:  0.000 heading:    0 - moved:  0.000 meters in 0.3s
2025-04-06 17:04:11|start_point - x:  0.063 y: -0.000 z:  0.000 heading:    0
2025-04-06 17:04:11|stop_point -  x:  0.063 y: -0.000 z:  0.000 heading:    0 - moved:  0.000 meters in 0.3s
2025-04-06 17:04:12|start_point - x:  0.063 y: -0.000 z:  0.000 heading:    0
2025-04-06 17:04:12|stop_point -  x:  0.063 y: -0.000 z:  0.000 heading:    0 - moved:  0.000 meters in 0.3s
2025-04-06 17:04:12|start_point - x:  0.063 y: -0.000 z:  0.000 heading:    0
2025-04-06 17:04:12|stop_point -  x:  0.063 y: -0.000 z:  0.000 heading:    0 - moved:  0.000 meters in 0.3s
2025-04-06 17:04:12|start_point - x:  0.063 y: -0.000 z:  0.000 heading:    0
2025-04-06 17:04:13|stop_point -  x:  0.063 y: -0.000 z:  0.000 heading:    0 - moved:  0.000 meters in 0.3s
2025-04-06 17:04:13|start_point - x:  0.063 y: -0.000 z:  0.000 heading:    0
2025-04-06 17:04:13|stop_point -  x:  0.063 y: -0.000 z:  0.000 heading:    0 - moved:  0.000 meters in 0.3s
2025-04-06 17:04:13|start_point - x:  0.063 y: -0.000 z:  0.000 heading:    0
2025-04-06 17:04:14|stop_point -  x:  0.063 y: -0.000 z:  0.000 heading:    0 - moved:  0.000 meters in 0.3s
2025-04-06 17:04:14|start_point - x:  0.063 y: -0.000 z:  0.000 heading:    0
2025-04-06 17:04:14|stop_point -  x:  0.063 y: -0.000 z:  0.000 heading:    0 - moved:  0.000 meters in 0.3s
2025-04-06 17:04:14|start_point - x:  0.063 y: -0.000 z:  0.000 heading:    0
2025-04-06 17:04:15|stop_point -  x:  0.063 y: -0.000 z:  0.000 heading:    0 - moved:  0.000 meters in 0.3s
2025-04-06 17:04:15|start_point - x:  0.063 y: -0.000 z:  0.000 heading:    0
2025-04-06 17:04:15|stop_point -  x:  0.063 y: -0.000 z:  0.000 heading:    0 - moved:  0.000 meters in 0.3s
2025-04-06 17:04:15|start_point - x:  0.063 y: -0.000 z:  0.000 heading:    0
2025-04-06 17:04:15|stop_point -  x:  0.063 y: -0.000 z:  0.000 heading:    0 - moved:  0.000 meters in 0.3s
2025-04-06 17:04:16|start_point - x:  0.063 y: -0.000 z:  0.000 heading:    0
2025-04-06 17:04:16|stop_point -  x:  0.063 y: -0.000 z:  0.000 heading:    0 - moved:  0.000 meters in 0.3s
2025-04-06 18:21:33|start_point - x:  0.063 y: -0.000 z:  0.000 heading:    0
2025-04-06 18:21:35|stop_point -  x:  0.127 y: -0.000 z:  0.000 heading:   -0 - moved:  0.064 meters in 2.5s
2025-04-06 18:22:26|start_point - x:  0.127 y: -0.000 z:  0.000 heading:    0
2025-04-06 18:22:29|stop_point -  x:  0.062 y:  0.000 z:  0.000 heading:   -1 - moved:  0.065 meters in 2.6s
2025-04-06 18:23:51|start_point - x:  0.062 y:  0.000 z:  0.000 heading:   -1
2025-04-06 18:23:53|stop_point -  x:  0.125 y: -0.000 z:  0.000 heading:   -0 - moved:  0.064 meters in 2.6s
