2025-04-06 17:04:02|start_point - x:  0.000 y:  0.000 z:  0.000 heading:    0
2025-04-06 17:04:05|stop_point -  x:  0.063 y: -0.000 z:  0.000 heading:    0 - moved:  0.063 meters in 2.5s
2025-04-06 17:04:05|start_point - x:  0.063 y: -0.000 z:  0.000 heading:    0
2025-04-06 17:04:05|stop_point -  x:  0.063 y: -0.000 z:  0.000 heading:    0 - moved:  0.000 meters in 0.0s
2025-04-06 17:04:05|start_point - x:  0.063 y: -0.000 z:  0.000 heading:    0
2025-04-06 17:04:05|stop_point -  x:  0.063 y: -0.000 z:  0.000 heading:    0 - moved:  0.000 meters in 0.3s
2025-04-06 17:04:05|start_point - x:  0.063 y: -0.000 z:  0.000 heading:    0
2025-04-06 17:04:06|stop_point -  x:  0.063 y: -0.000 z:  0.000 heading:    0 - moved:  0.000 meters in 0.3s
2025-04-06 17:04:06|start_point - x:  0.063 y: -0.000 z:  0.000 heading:    0
2025-04-06 17:04:06|stop_point -  x:  0.063 y: -0.000 z:  0.000 heading:    0 - moved:  0.000 meters in 0.3s
2025-04-06 17:04:06|start_point - x:  0.063 y: -0.000 z:  0.000 heading:    0
2025-04-06 17:04:07|stop_point -  x:  0.063 y: -0.000 z:  0.000 heading:    0 - moved:  0.000 meters in 0.3s
2025-04-06 17:04:07|start_point - x:  0.063 y: -0.000 z:  0.000 heading:    0
2025-04-06 17:04:07|stop_point -  x:  0.063 y: -0.000 z:  0.000 heading:    0 - moved:  0.000 meters in 0.3s
2025-04-06 17:04:07|start_point - x:  0.063 y: -0.000 z:  0.000 heading:    0
2025-04-06 17:04:07|stop_point -  x:  0.063 y: -0.000 z:  0.000 heading:    0 - moved:  0.000 meters in 0.3s
2025-04-06 17:04:08|start_point - x:  0.063 y: -0.000 z:  0.000 heading:    0
2025-04-06 17:04:08|stop_point -  x:  0.063 y: -0.000 z:  0.000 heading:    0 - moved:  0.000 meters in 0.3s
2025-04-06 17:04:08|start_point - x:  0.063 y: -0.000 z:  0.000 heading:    0
2025-04-06 17:04:08|stop_point -  x:  0.063 y: -0.000 z:  0.000 heading:    0 - moved:  0.000 meters in 0.3s
2025-04-06 17:04:08|start_point - x:  0.063 y: -0.000 z:  0.000 heading:    0
2025-04-06 17:04:09|stop_point -  x:  0.063 y: -0.000 z:  0.000 heading:    0 - moved:  0.000 meters in 0.3s
2025-04-06 17:04:09|start_point - x:  0.063 y: -0.000 z:  0.000 heading:    0
2025-04-06 17:04:09|stop_point -  x:  0.063 y: -0.000 z:  0.000 heading:    0 - moved:  0.000 meters in 0.3s
2025-04-06 17:04:09|start_point - x:  0.063 y: -0.000 z:  0.000 heading:    0
2025-04-06 17:04:10|stop_point -  x:  0.063 y: -0.000 z:  0.000 heading:    0 - moved:  0.000 meters in 0.3s
2025-04-06 17:04:10|start_point - x:  0.063 y: -0.000 z:  0.000 heading:    0
2025-04-06 17:04:10|stop_point -  x:  0.063 y: -0.000 z:  0.000 heading:    0 - moved:  0.000 meters in 0.3s
2025-04-06 17:04:10|start_point - x:  0.063 y: -0.000 z:  0.000 heading:    0
2025-04-06 17:04:11|stop_point -  x:  0.063 y: -0.000 z:  0.000 heading:    0 - moved:  0.000 meters in 0.3s
2025-04-06 17:04:11|start_point - x:  0.063 y: -0.000 z:  0.000 heading:    0
2025-04-06 17:04:11|stop_point -  x:  0.063 y: -0.000 z:  0.000 heading:    0 - moved:  0.000 meters in 0.3s
2025-04-06 17:04:11|start_point - x:  0.063 y: -0.000 z:  0.000 heading:    0
2025-04-06 17:04:11|stop_point -  x:  0.063 y: -0.000 z:  0.000 heading:    0 - moved:  0.000 meters in 0.3s
2025-04-06 17:04:12|start_point - x:  0.063 y: -0.000 z:  0.000 heading:    0
2025-04-06 17:04:12|stop_point -  x:  0.063 y: -0.000 z:  0.000 heading:    0 - moved:  0.000 meters in 0.3s
2025-04-06 17:04:12|start_point - x:  0.063 y: -0.000 z:  0.000 heading:    0
2025-04-06 17:04:12|stop_point -  x:  0.063 y: -0.000 z:  0.000 heading:    0 - moved:  0.000 meters in 0.3s
2025-04-06 17:04:12|start_point - x:  0.063 y: -0.000 z:  0.000 heading:    0
2025-04-06 17:04:13|stop_point -  x:  0.063 y: -0.000 z:  0.000 heading:    0 - moved:  0.000 meters in 0.3s
2025-04-06 17:04:13|start_point - x:  0.063 y: -0.000 z:  0.000 heading:    0
2025-04-06 17:04:13|stop_point -  x:  0.063 y: -0.000 z:  0.000 heading:    0 - moved:  0.000 meters in 0.3s
2025-04-06 17:04:13|start_point - x:  0.063 y: -0.000 z:  0.000 heading:    0
2025-04-06 17:04:14|stop_point -  x:  0.063 y: -0.000 z:  0.000 heading:    0 - moved:  0.000 meters in 0.3s
2025-04-06 17:04:14|start_point - x:  0.063 y: -0.000 z:  0.000 heading:    0
2025-04-06 17:04:14|stop_point -  x:  0.063 y: -0.000 z:  0.000 heading:    0 - moved:  0.000 meters in 0.3s
2025-04-06 17:04:14|start_point - x:  0.063 y: -0.000 z:  0.000 heading:    0
2025-04-06 17:04:15|stop_point -  x:  0.063 y: -0.000 z:  0.000 heading:    0 - moved:  0.000 meters in 0.3s
2025-04-06 17:04:15|start_point - x:  0.063 y: -0.000 z:  0.000 heading:    0
2025-04-06 17:04:15|stop_point -  x:  0.063 y: -0.000 z:  0.000 heading:    0 - moved:  0.000 meters in 0.3s
2025-04-06 17:04:15|start_point - x:  0.063 y: -0.000 z:  0.000 heading:    0
2025-04-06 17:04:15|stop_point -  x:  0.063 y: -0.000 z:  0.000 heading:    0 - moved:  0.000 meters in 0.3s
2025-04-06 17:04:16|start_point - x:  0.063 y: -0.000 z:  0.000 heading:    0
2025-04-06 17:04:16|stop_point -  x:  0.063 y: -0.000 z:  0.000 heading:    0 - moved:  0.000 meters in 0.3s
2025-04-06 18:21:33|start_point - x:  0.063 y: -0.000 z:  0.000 heading:    0
2025-04-06 18:21:35|stop_point -  x:  0.127 y: -0.000 z:  0.000 heading:   -0 - moved:  0.064 meters in 2.5s
2025-04-06 18:22:26|start_point - x:  0.127 y: -0.000 z:  0.000 heading:    0
2025-04-06 18:22:29|stop_point -  x:  0.062 y:  0.000 z:  0.000 heading:   -1 - moved:  0.065 meters in 2.6s
2025-04-06 18:23:51|start_point - x:  0.062 y:  0.000 z:  0.000 heading:   -1
2025-04-06 18:23:53|stop_point -  x:  0.125 y: -0.000 z:  0.000 heading:   -0 - moved:  0.064 meters in 2.6s
2025-04-06 22:37:20|start_point - x:  0.125 y: -0.000 z:  0.000 heading:   -0
2025-04-06 22:37:23|stop_point -  x:  0.061 y:  0.001 z:  0.000 heading:   -1 - moved:  0.064 meters in 2.6s
2025-04-07 15:12:29|start_point - x:  0.000 y:  0.000 z:  0.000 heading:    0
2025-04-07 15:12:32|stop_point -  x:  0.063 y: -0.000 z:  0.000 heading:    0 - moved:  0.063 meters in 2.6s
2025-04-07 18:20:45|start_point - x:  0.000 y:  0.000 z:  0.000 heading:    0
2025-04-07 18:20:47|stop_point -  x: -0.065 y:  0.001 z:  0.000 heading:   -1 - moved:  0.065 meters in 2.6s
2025-04-07 18:20:59|RESET **** -  x:  0.000 y:  0.000 z:  0.000 heading:    0 - RESET by dave_node
2025-04-07 20:43:34|start_point - x:  0.000 y:  0.000 z:  0.000 heading:    0
2025-04-07 20:43:36|stop_point -  x:  0.063 y: -0.000 z:  0.000 heading:    0 - moved:  0.063 meters in 2.5s
2025-04-07 23:22:53|start_point - x:  0.063 y: -0.000 z:  0.000 heading:    0
2025-04-07 23:22:56|stop_point -  x: -0.002 y: -0.000 z:  0.000 heading:    0 - moved:  0.065 meters in 2.6s
2025-04-07 23:23:07|start_point - x: -0.002 y: -0.000 z:  0.000 heading:    0
2025-04-07 23:23:08|stop_point -  x: -0.005 y: -0.000 z:  0.000 heading:    0 - moved:  0.003 meters in 0.3s
2025-04-07 23:23:19|start_point - x: -0.005 y: -0.000 z:  0.000 heading:    0
2025-04-07 23:23:19|stop_point -  x: -0.007 y: -0.000 z:  0.000 heading:    0 - moved:  0.002 meters in 0.3s
2025-04-07 23:23:45|start_point - x: -0.007 y: -0.000 z:  0.000 heading:    0
2025-04-07 23:23:45|stop_point -  x: -0.008 y: -0.000 z:  0.000 heading:    1 - moved:  0.001 meters in 0.4s
2025-04-08 15:39:43|start_point - x:  0.000 y:  0.000 z:  0.000 heading:    0
2025-04-08 15:39:46|stop_point -  x:  0.063 y: -0.000 z:  0.000 heading:    0 - moved:  0.063 meters in 2.6s
2025-04-08 18:44:40|start_point - x:  0.000 y:  0.000 z:  0.000 heading:    0
2025-04-08 18:44:42|stop_point -  x: -0.065 y:  0.001 z:  0.000 heading:   -1 - moved:  0.065 meters in 2.6s
2025-04-08 18:44:54|start_point - x: -0.065 y:  0.001 z:  0.000 heading:   -1
2025-04-08 18:44:54|stop_point -  x: -0.068 y:  0.001 z:  0.000 heading:   -1 - moved:  0.003 meters in 0.2s
2025-04-08 18:45:06|RESET **** -  x:  0.000 y:  0.000 z:  0.000 heading:    0 - RESET by dave_node
2025-05-03 16:58:58|start_point - x:  0.000 y:  0.000 z:  0.000 heading:    0
2025-05-03 16:59:01|stop_point -  x:  0.170 y: -0.001 z:  0.000 heading:    0 - moved:  0.170 meters in 2.6s
2025-05-03 20:33:00|start_point - x:  0.170 y: -0.001 z:  0.000 heading:    0
2025-05-03 20:33:03|stop_point -  x: -0.003 y:  0.000 z:  0.000 heading:    0 - moved:  0.174 meters in 2.6s
2025-05-03 20:33:04|start_point - x: -0.003 y:  0.000 z:  0.000 heading:    0
2025-05-03 20:33:04|stop_point -  x: -0.003 y:  0.000 z:  0.000 heading:    0 - moved:  0.000 meters in 0.1s
2025-05-03 20:33:14|RESET **** -  x:  0.000 y:  0.000 z:  0.000 heading:    0 - RESET by dave_node
